2024-01-23T11:08:29.698+05:30  INFO 6020 --- [main] c.h.DepartmentSpringbootApplication      : Starting DepartmentSpringbootApplication using Java 17.0.8 with PID 6020 (C:\Users\AdarshHa\Documents\workspace-spring-tool-suite-4-4.21.0.RELEASE\Departmentspringboot\target\Studentspringboot-0.0.1-SNAPSHOT.jar started by AdarshHa in C:\Users\AdarshHa\Documents\workspace-spring-tool-suite-4-4.21.0.RELEASE\Departmentspringboot\target)
2024-01-23T11:08:29.710+05:30  INFO 6020 --- [main] c.h.DepartmentSpringbootApplication      : The following 1 profile is active: "dev"
2024-01-23T11:08:31.189+05:30  INFO 6020 --- [main] .s.d.r.c.RepositoryConfigurationDelegate : Bootstrapping Spring Data JPA repositories in DEFAULT mode.
2024-01-23T11:08:31.267+05:30  INFO 6020 --- [main] .s.d.r.c.RepositoryConfigurationDelegate : Finished Spring Data repository scanning in 68 ms. Found 2 JPA repository interfaces.
2024-01-23T11:08:32.147+05:30  INFO 6020 --- [main] o.s.b.w.embedded.tomcat.TomcatWebServer  : Tomcat initialized with port 8080 (http)
2024-01-23T11:08:32.169+05:30  INFO 6020 --- [main] o.apache.catalina.core.StandardService   : Starting service [Tomcat]
2024-01-23T11:08:32.169+05:30  INFO 6020 --- [main] o.apache.catalina.core.StandardEngine    : Starting Servlet engine: [Apache Tomcat/10.1.17]
2024-01-23T11:08:32.241+05:30  INFO 6020 --- [main] o.a.c.c.C.[Tomcat].[localhost].[/]       : Initializing Spring embedded WebApplicationContext
2024-01-23T11:08:32.241+05:30  INFO 6020 --- [main] w.s.c.ServletWebServerApplicationContext : Root WebApplicationContext: initialization completed in 2375 ms
2024-01-23T11:08:32.449+05:30  INFO 6020 --- [main] o.hibernate.jpa.internal.util.LogHelper  : HHH000204: Processing PersistenceUnitInfo [name: default]
2024-01-23T11:08:32.560+05:30  INFO 6020 --- [main] org.hibernate.Version                    : HHH000412: Hibernate ORM core version 6.4.1.Final
2024-01-23T11:08:32.627+05:30  INFO 6020 --- [main] o.h.c.internal.RegionFactoryInitiator    : HHH000026: Second-level cache disabled
2024-01-23T11:08:33.098+05:30  INFO 6020 --- [main] o.s.o.j.p.SpringPersistenceUnitInfo      : No LoadTimeWeaver setup: ignoring JPA class transformer
2024-01-23T11:08:33.152+05:30  INFO 6020 --- [main] com.zaxxer.hikari.HikariDataSource       : HikariPool-1 - Starting...
2024-01-23T11:08:33.575+05:30  INFO 6020 --- [main] com.zaxxer.hikari.pool.HikariPool        : HikariPool-1 - Added connection com.mysql.cj.jdbc.ConnectionImpl@7b598d05
2024-01-23T11:08:33.578+05:30  INFO 6020 --- [main] com.zaxxer.hikari.HikariDataSource       : HikariPool-1 - Start completed.
2024-01-23T11:08:33.654+05:30  WARN 6020 --- [main] org.hibernate.orm.deprecation            : HHH90000025: MySQLDialect does not need to be specified explicitly using 'hibernate.dialect' (remove the property setting and it will be selected by default)
2024-01-23T11:08:35.023+05:30  INFO 6020 --- [main] o.h.e.t.j.p.i.JtaPlatformInitiator       : HHH000489: No JTA platform available (set 'hibernate.transaction.jta.platform' to enable JTA platform integration)
2024-01-23T11:08:35.082+05:30  INFO 6020 --- [main] j.LocalContainerEntityManagerFactoryBean : Initialized JPA EntityManagerFactory for persistence unit 'default'
2024-01-23T11:08:36.273+05:30  WARN 6020 --- [main] JpaBaseConfiguration$JpaWebConfiguration : spring.jpa.open-in-view is enabled by default. Therefore, database queries may be performed during view rendering. Explicitly configure spring.jpa.open-in-view to disable this warning
2024-01-23T11:08:38.141+05:30  INFO 6020 --- [main] o.s.s.web.DefaultSecurityFilterChain     : Will secure any request with [org.springframework.security.web.session.DisableEncodeUrlFilter@701c413, org.springframework.security.web.context.request.async.WebAsyncManagerIntegrationFilter@28468162, org.springframework.security.web.context.SecurityContextHolderFilter@1ed0128b, org.springframework.security.web.header.HeaderWriterFilter@770c3ca2, org.springframework.web.filter.CorsFilter@63f16350, org.springframework.security.web.authentication.logout.LogoutFilter@1acd2a14, com.harshproject.securityfiles.JwtAuthFilter@4adc3951, org.springframework.security.web.savedrequest.RequestCacheAwareFilter@3b48361e, org.springframework.security.web.servletapi.SecurityContextHolderAwareRequestFilter@44b82007, org.springframework.security.web.authentication.AnonymousAuthenticationFilter@280e4390, org.springframework.security.web.session.SessionManagementFilter@390e814c, org.springframework.security.web.access.ExceptionTranslationFilter@1a7f2d34, org.springframework.security.web.access.intercept.AuthorizationFilter@25814d3c]
2024-01-23T11:08:38.808+05:30  INFO 6020 --- [main] o.s.b.w.embedded.tomcat.TomcatWebServer  : Tomcat started on port 8080 (http) with context path ''
2024-01-23T11:08:38.857+05:30  INFO 6020 --- [main] c.h.DepartmentSpringbootApplication      : Started DepartmentSpringbootApplication in 9.888 seconds (process running for 10.582)
2024-01-23T11:17:04.675+05:30  INFO 7272 --- [main] c.h.DepartmentSpringbootApplication      : Starting DepartmentSpringbootApplication using Java 17.0.8 with PID 7272 (C:\Users\AdarshHa\Documents\workspace-spring-tool-suite-4-4.21.0.RELEASE\Departmentspringboot\target\Studentspringboot-0.0.1-SNAPSHOT.jar started by AdarshHa in C:\Users\AdarshHa\Documents\workspace-spring-tool-suite-4-4.21.0.RELEASE\Departmentspringboot\target)
2024-01-23T11:17:04.678+05:30  INFO 7272 --- [main] c.h.DepartmentSpringbootApplication      : The following 1 profile is active: "dev"
2024-01-23T11:17:06.035+05:30  INFO 7272 --- [main] .s.d.r.c.RepositoryConfigurationDelegate : Bootstrapping Spring Data JPA repositories in DEFAULT mode.
2024-01-23T11:17:06.134+05:30  INFO 7272 --- [main] .s.d.r.c.RepositoryConfigurationDelegate : Finished Spring Data repository scanning in 78 ms. Found 2 JPA repository interfaces.
2024-01-23T11:17:06.990+05:30  INFO 7272 --- [main] o.s.b.w.embedded.tomcat.TomcatWebServer  : Tomcat initialized with port 8080 (http)
2024-01-23T11:17:07.016+05:30  INFO 7272 --- [main] o.apache.catalina.core.StandardService   : Starting service [Tomcat]
2024-01-23T11:17:07.016+05:30  INFO 7272 --- [main] o.apache.catalina.core.StandardEngine    : Starting Servlet engine: [Apache Tomcat/10.1.17]
2024-01-23T11:17:07.094+05:30  INFO 7272 --- [main] o.a.c.c.C.[Tomcat].[localhost].[/]       : Initializing Spring embedded WebApplicationContext
2024-01-23T11:17:07.094+05:30  INFO 7272 --- [main] w.s.c.ServletWebServerApplicationContext : Root WebApplicationContext: initialization completed in 2234 ms
2024-01-23T11:17:07.327+05:30  INFO 7272 --- [main] o.hibernate.jpa.internal.util.LogHelper  : HHH000204: Processing PersistenceUnitInfo [name: default]
2024-01-23T11:17:07.435+05:30  INFO 7272 --- [main] org.hibernate.Version                    : HHH000412: Hibernate ORM core version 6.4.1.Final
2024-01-23T11:17:07.500+05:30  INFO 7272 --- [main] o.h.c.internal.RegionFactoryInitiator    : HHH000026: Second-level cache disabled
2024-01-23T11:17:07.962+05:30  INFO 7272 --- [main] o.s.o.j.p.SpringPersistenceUnitInfo      : No LoadTimeWeaver setup: ignoring JPA class transformer
2024-01-23T11:17:08.024+05:30  INFO 7272 --- [main] com.zaxxer.hikari.HikariDataSource       : HikariPool-1 - Starting...
2024-01-23T11:17:08.531+05:30  INFO 7272 --- [main] com.zaxxer.hikari.pool.HikariPool        : HikariPool-1 - Added connection com.mysql.cj.jdbc.ConnectionImpl@4d2f9e3c
2024-01-23T11:17:08.534+05:30  INFO 7272 --- [main] com.zaxxer.hikari.HikariDataSource       : HikariPool-1 - Start completed.
2024-01-23T11:17:08.597+05:30  WARN 7272 --- [main] org.hibernate.orm.deprecation            : HHH90000025: MySQLDialect does not need to be specified explicitly using 'hibernate.dialect' (remove the property setting and it will be selected by default)
2024-01-23T11:17:09.708+05:30  INFO 7272 --- [main] o.h.e.t.j.p.i.JtaPlatformInitiator       : HHH000489: No JTA platform available (set 'hibernate.transaction.jta.platform' to enable JTA platform integration)
2024-01-23T11:17:09.775+05:30  INFO 7272 --- [main] j.LocalContainerEntityManagerFactoryBean : Initialized JPA EntityManagerFactory for persistence unit 'default'
2024-01-23T11:17:10.542+05:30  WARN 7272 --- [main] JpaBaseConfiguration$JpaWebConfiguration : spring.jpa.open-in-view is enabled by default. Therefore, database queries may be performed during view rendering. Explicitly configure spring.jpa.open-in-view to disable this warning
2024-01-23T11:17:11.855+05:30  INFO 7272 --- [main] o.s.s.web.DefaultSecurityFilterChain     : Will secure any request with [org.springframework.security.web.session.DisableEncodeUrlFilter@6821d4e1, org.springframework.security.web.context.request.async.WebAsyncManagerIntegrationFilter@3ac76ad9, org.springframework.security.web.context.SecurityContextHolderFilter@7f33ad20, org.springframework.security.web.header.HeaderWriterFilter@420068a, org.springframework.web.filter.CorsFilter@213c812a, org.springframework.security.web.authentication.logout.LogoutFilter@542c6165, com.harshproject.securityfiles.JwtAuthFilter@3d8e1fa6, org.springframework.security.web.savedrequest.RequestCacheAwareFilter@3f473daf, org.springframework.security.web.servletapi.SecurityContextHolderAwareRequestFilter@390e814c, org.springframework.security.web.authentication.AnonymousAuthenticationFilter@25814d3c, org.springframework.security.web.session.SessionManagementFilter@2ae0eb98, org.springframework.security.web.access.ExceptionTranslationFilter@6f2b608e, org.springframework.security.web.access.intercept.AuthorizationFilter@18c95fbb]
2024-01-23T11:17:12.331+05:30  INFO 7272 --- [main] o.s.b.w.embedded.tomcat.TomcatWebServer  : Tomcat started on port 8080 (http) with context path ''
2024-01-23T11:17:12.357+05:30  INFO 7272 --- [main] c.h.DepartmentSpringbootApplication      : Started DepartmentSpringbootApplication in 8.497 seconds (process running for 9.249)
2024-01-23T11:17:17.436+05:30  INFO 7272 --- [SpringApplicationShutdownHook] j.LocalContainerEntityManagerFactoryBean : Closing JPA EntityManagerFactory for persistence unit 'default'
2024-01-23T11:17:17.441+05:30  INFO 7272 --- [SpringApplicationShutdownHook] com.zaxxer.hikari.HikariDataSource       : HikariPool-1 - Shutdown initiated...
2024-01-23T11:17:17.457+05:30  INFO 7272 --- [SpringApplicationShutdownHook] com.zaxxer.hikari.HikariDataSource       : HikariPool-1 - Shutdown completed.
2024-01-23T11:17:43.980+05:30  INFO 20492 --- [main] c.h.DepartmentSpringbootApplication      : Starting DepartmentSpringbootApplication using Java 17.0.8 with PID 20492 (C:\Users\AdarshHa\Documents\workspace-spring-tool-suite-4-4.21.0.RELEASE\Departmentspringboot\target\Studentspringboot-0.0.1-SNAPSHOT.jar started by AdarshHa in C:\Users\AdarshHa\Documents\workspace-spring-tool-suite-4-4.21.0.RELEASE\Departmentspringboot\target)
2024-01-23T11:17:43.985+05:30  INFO 20492 --- [main] c.h.DepartmentSpringbootApplication      : The following 1 profile is active: "prod"
2024-01-23T11:17:45.325+05:30  INFO 20492 --- [main] .s.d.r.c.RepositoryConfigurationDelegate : Bootstrapping Spring Data JPA repositories in DEFAULT mode.
2024-01-23T11:17:45.413+05:30  INFO 20492 --- [main] .s.d.r.c.RepositoryConfigurationDelegate : Finished Spring Data repository scanning in 73 ms. Found 2 JPA repository interfaces.
2024-01-23T11:17:46.261+05:30  INFO 20492 --- [main] o.s.b.w.embedded.tomcat.TomcatWebServer  : Tomcat initialized with port 8080 (http)
2024-01-23T11:17:46.274+05:30  INFO 20492 --- [main] o.apache.catalina.core.StandardService   : Starting service [Tomcat]
2024-01-23T11:17:46.274+05:30  INFO 20492 --- [main] o.apache.catalina.core.StandardEngine    : Starting Servlet engine: [Apache Tomcat/10.1.17]
2024-01-23T11:17:46.346+05:30  INFO 20492 --- [main] o.a.c.c.C.[Tomcat].[localhost].[/]       : Initializing Spring embedded WebApplicationContext
2024-01-23T11:17:46.346+05:30  INFO 20492 --- [main] w.s.c.ServletWebServerApplicationContext : Root WebApplicationContext: initialization completed in 2208 ms
2024-01-23T11:17:46.567+05:30  INFO 20492 --- [main] o.hibernate.jpa.internal.util.LogHelper  : HHH000204: Processing PersistenceUnitInfo [name: default]
2024-01-23T11:17:46.655+05:30  INFO 20492 --- [main] org.hibernate.Version                    : HHH000412: Hibernate ORM core version 6.4.1.Final
2024-01-23T11:17:46.731+05:30  INFO 20492 --- [main] o.h.c.internal.RegionFactoryInitiator    : HHH000026: Second-level cache disabled
2024-01-23T11:17:47.135+05:30  INFO 20492 --- [main] o.s.o.j.p.SpringPersistenceUnitInfo      : No LoadTimeWeaver setup: ignoring JPA class transformer
2024-01-23T11:17:47.179+05:30  INFO 20492 --- [main] com.zaxxer.hikari.HikariDataSource       : HikariPool-1 - Starting...
2024-01-23T11:17:47.571+05:30  INFO 20492 --- [main] com.zaxxer.hikari.pool.HikariPool        : HikariPool-1 - Added connection com.mysql.cj.jdbc.ConnectionImpl@2ec5cc14
2024-01-23T11:17:47.573+05:30  INFO 20492 --- [main] com.zaxxer.hikari.HikariDataSource       : HikariPool-1 - Start completed.
2024-01-23T11:17:47.648+05:30  WARN 20492 --- [main] org.hibernate.orm.deprecation            : HHH90000025: MySQLDialect does not need to be specified explicitly using 'hibernate.dialect' (remove the property setting and it will be selected by default)
2024-01-23T11:17:48.735+05:30  INFO 20492 --- [main] o.h.e.t.j.p.i.JtaPlatformInitiator       : HHH000489: No JTA platform available (set 'hibernate.transaction.jta.platform' to enable JTA platform integration)
2024-01-23T11:17:48.807+05:30  INFO 20492 --- [main] j.LocalContainerEntityManagerFactoryBean : Initialized JPA EntityManagerFactory for persistence unit 'default'
2024-01-23T11:17:49.603+05:30  WARN 20492 --- [main] JpaBaseConfiguration$JpaWebConfiguration : spring.jpa.open-in-view is enabled by default. Therefore, database queries may be performed during view rendering. Explicitly configure spring.jpa.open-in-view to disable this warning
2024-01-23T11:17:50.793+05:30  INFO 20492 --- [main] o.s.s.web.DefaultSecurityFilterChain     : Will secure any request with [org.springframework.security.web.session.DisableEncodeUrlFilter@1db9d253, org.springframework.security.web.context.request.async.WebAsyncManagerIntegrationFilter@6f5f892c, org.springframework.security.web.context.SecurityContextHolderFilter@34dda1b4, org.springframework.security.web.header.HeaderWriterFilter@7f33ad20, org.springframework.web.filter.CorsFilter@1b2e841, org.springframework.security.web.authentication.logout.LogoutFilter@6821d4e1, com.harshproject.securityfiles.JwtAuthFilter@514b247b, org.springframework.security.web.savedrequest.RequestCacheAwareFilter@5cb4ba80, org.springframework.security.web.servletapi.SecurityContextHolderAwareRequestFilter@978475b, org.springframework.security.web.authentication.AnonymousAuthenticationFilter@3a75d9a1, org.springframework.security.web.session.SessionManagementFilter@3c4231e5, org.springframework.security.web.access.ExceptionTranslationFilter@c5c2a84, org.springframework.security.web.access.intercept.AuthorizationFilter@55f4ec04]
2024-01-23T11:17:51.347+05:30  INFO 20492 --- [main] o.s.b.w.embedded.tomcat.TomcatWebServer  : Tomcat started on port 8080 (http) with context path ''
2024-01-23T11:17:51.379+05:30  INFO 20492 --- [main] c.h.DepartmentSpringbootApplication      : Started DepartmentSpringbootApplication in 8.197 seconds (process running for 8.891)
2024-01-23T11:18:09.103+05:30  INFO 20492 --- [SpringApplicationShutdownHook] j.LocalContainerEntityManagerFactoryBean : Closing JPA EntityManagerFactory for persistence unit 'default'
2024-01-23T11:18:09.106+05:30  INFO 20492 --- [SpringApplicationShutdownHook] com.zaxxer.hikari.HikariDataSource       : HikariPool-1 - Shutdown initiated...
2024-01-23T11:18:09.123+05:30  INFO 20492 --- [SpringApplicationShutdownHook] com.zaxxer.hikari.HikariDataSource       : HikariPool-1 - Shutdown completed.
2024-01-23T11:18:33.940+05:30  INFO 19980 --- [main] c.h.DepartmentSpringbootApplication      : Starting DepartmentSpringbootApplication using Java 17.0.8 with PID 19980 (C:\Users\AdarshHa\Documents\workspace-spring-tool-suite-4-4.21.0.RELEASE\Departmentspringboot\target\Studentspringboot-0.0.1-SNAPSHOT.jar started by AdarshHa in C:\Users\AdarshHa\Documents\workspace-spring-tool-suite-4-4.21.0.RELEASE\Departmentspringboot\target)
2024-01-23T11:18:33.949+05:30  INFO 19980 --- [main] c.h.DepartmentSpringbootApplication      : The following 1 profile is active: "test"
2024-01-23T11:18:35.621+05:30  INFO 19980 --- [main] .s.d.r.c.RepositoryConfigurationDelegate : Bootstrapping Spring Data JPA repositories in DEFAULT mode.
2024-01-23T11:18:35.719+05:30  INFO 19980 --- [main] .s.d.r.c.RepositoryConfigurationDelegate : Finished Spring Data repository scanning in 89 ms. Found 2 JPA repository interfaces.
2024-01-23T11:18:36.589+05:30  INFO 19980 --- [main] o.s.b.w.embedded.tomcat.TomcatWebServer  : Tomcat initialized with port 8080 (http)
2024-01-23T11:18:36.605+05:30  INFO 19980 --- [main] o.apache.catalina.core.StandardService   : Starting service [Tomcat]
2024-01-23T11:18:36.605+05:30  INFO 19980 --- [main] o.apache.catalina.core.StandardEngine    : Starting Servlet engine: [Apache Tomcat/10.1.17]
2024-01-23T11:18:36.686+05:30  INFO 19980 --- [main] o.a.c.c.C.[Tomcat].[localhost].[/]       : Initializing Spring embedded WebApplicationContext
2024-01-23T11:18:36.686+05:30  INFO 19980 --- [main] w.s.c.ServletWebServerApplicationContext : Root WebApplicationContext: initialization completed in 2597 ms
2024-01-23T11:18:36.898+05:30  INFO 19980 --- [main] o.hibernate.jpa.internal.util.LogHelper  : HHH000204: Processing PersistenceUnitInfo [name: default]
2024-01-23T11:18:37.001+05:30  INFO 19980 --- [main] org.hibernate.Version                    : HHH000412: Hibernate ORM core version 6.4.1.Final
2024-01-23T11:18:37.053+05:30  INFO 19980 --- [main] o.h.c.internal.RegionFactoryInitiator    : HHH000026: Second-level cache disabled
2024-01-23T11:18:37.484+05:30  INFO 19980 --- [main] o.s.o.j.p.SpringPersistenceUnitInfo      : No LoadTimeWeaver setup: ignoring JPA class transformer
2024-01-23T11:18:37.512+05:30  INFO 19980 --- [main] com.zaxxer.hikari.HikariDataSource       : HikariPool-1 - Starting...
2024-01-23T11:18:37.919+05:30  INFO 19980 --- [main] com.zaxxer.hikari.pool.HikariPool        : HikariPool-1 - Added connection com.mysql.cj.jdbc.ConnectionImpl@4d2f9e3c
2024-01-23T11:18:37.922+05:30  INFO 19980 --- [main] com.zaxxer.hikari.HikariDataSource       : HikariPool-1 - Start completed.
2024-01-23T11:18:37.991+05:30  WARN 19980 --- [main] org.hibernate.orm.deprecation            : HHH90000025: MySQLDialect does not need to be specified explicitly using 'hibernate.dialect' (remove the property setting and it will be selected by default)
2024-01-23T11:18:39.031+05:30  INFO 19980 --- [main] o.h.e.t.j.p.i.JtaPlatformInitiator       : HHH000489: No JTA platform available (set 'hibernate.transaction.jta.platform' to enable JTA platform integration)
2024-01-23T11:18:39.110+05:30  INFO 19980 --- [main] j.LocalContainerEntityManagerFactoryBean : Initialized JPA EntityManagerFactory for persistence unit 'default'
2024-01-23T11:18:39.880+05:30  WARN 19980 --- [main] JpaBaseConfiguration$JpaWebConfiguration : spring.jpa.open-in-view is enabled by default. Therefore, database queries may be performed during view rendering. Explicitly configure spring.jpa.open-in-view to disable this warning
2024-01-23T11:18:41.003+05:30  INFO 19980 --- [main] o.s.s.web.DefaultSecurityFilterChain     : Will secure any request with [org.springframework.security.web.session.DisableEncodeUrlFilter@6821d4e1, org.springframework.security.web.context.request.async.WebAsyncManagerIntegrationFilter@3ac76ad9, org.springframework.security.web.context.SecurityContextHolderFilter@7f33ad20, org.springframework.security.web.header.HeaderWriterFilter@420068a, org.springframework.web.filter.CorsFilter@213c812a, org.springframework.security.web.authentication.logout.LogoutFilter@542c6165, com.harshproject.securityfiles.JwtAuthFilter@3d8e1fa6, org.springframework.security.web.savedrequest.RequestCacheAwareFilter@3f473daf, org.springframework.security.web.servletapi.SecurityContextHolderAwareRequestFilter@390e814c, org.springframework.security.web.authentication.AnonymousAuthenticationFilter@25814d3c, org.springframework.security.web.session.SessionManagementFilter@2ae0eb98, org.springframework.security.web.access.ExceptionTranslationFilter@6f2b608e, org.springframework.security.web.access.intercept.AuthorizationFilter@18c95fbb]
2024-01-23T11:18:41.461+05:30  INFO 19980 --- [main] o.s.b.w.embedded.tomcat.TomcatWebServer  : Tomcat started on port 8080 (http) with context path ''
2024-01-23T11:18:41.490+05:30  INFO 19980 --- [main] c.h.DepartmentSpringbootApplication      : Started DepartmentSpringbootApplication in 8.408 seconds (process running for 9.14)
2024-01-23T11:36:03.739+05:30  INFO 24992 --- [main] c.h.DepartmentSpringbootApplication      : Starting DepartmentSpringbootApplication using Java 17.0.8 with PID 24992 (C:\Users\AdarshHa\Documents\workspace-spring-tool-suite-4-4.21.0.RELEASE\Departmentspringboot\target\Studentspringboot-0.0.1-SNAPSHOT.jar started by AdarshHa in C:\Users\AdarshHa\Documents\workspace-spring-tool-suite-4-4.21.0.RELEASE\Departmentspringboot\target)
2024-01-23T11:36:03.751+05:30  INFO 24992 --- [main] c.h.DepartmentSpringbootApplication      : The following 1 profile is active: "prod"
2024-01-23T11:36:06.219+05:30  INFO 24992 --- [main] .s.d.r.c.RepositoryConfigurationDelegate : Bootstrapping Spring Data JPA repositories in DEFAULT mode.
2024-01-23T11:36:06.474+05:30  INFO 24992 --- [main] .s.d.r.c.RepositoryConfigurationDelegate : Finished Spring Data repository scanning in 199 ms. Found 2 JPA repository interfaces.
2024-01-23T11:36:08.764+05:30  INFO 24992 --- [main] o.s.b.w.embedded.tomcat.TomcatWebServer  : Tomcat initialized with port 8080 (http)
2024-01-23T11:36:08.815+05:30  INFO 24992 --- [main] o.apache.catalina.core.StandardService   : Starting service [Tomcat]
2024-01-23T11:36:08.816+05:30  INFO 24992 --- [main] o.apache.catalina.core.StandardEngine    : Starting Servlet engine: [Apache Tomcat/10.1.17]
2024-01-23T11:36:08.956+05:30  INFO 24992 --- [main] o.a.c.c.C.[Tomcat].[localhost].[/]       : Initializing Spring embedded WebApplicationContext
2024-01-23T11:36:08.958+05:30  INFO 24992 --- [main] w.s.c.ServletWebServerApplicationContext : Root WebApplicationContext: initialization completed in 4990 ms
2024-01-23T11:36:09.428+05:30  INFO 24992 --- [main] o.hibernate.jpa.internal.util.LogHelper  : HHH000204: Processing PersistenceUnitInfo [name: default]
2024-01-23T11:36:09.701+05:30  INFO 24992 --- [main] org.hibernate.Version                    : HHH000412: Hibernate ORM core version 6.4.1.Final
2024-01-23T11:36:09.841+05:30  INFO 24992 --- [main] o.h.c.internal.RegionFactoryInitiator    : HHH000026: Second-level cache disabled
2024-01-23T11:36:10.848+05:30  INFO 24992 --- [main] o.s.o.j.p.SpringPersistenceUnitInfo      : No LoadTimeWeaver setup: ignoring JPA class transformer
2024-01-23T11:36:10.980+05:30  INFO 24992 --- [main] com.zaxxer.hikari.HikariDataSource       : HikariPool-1 - Starting...
2024-01-23T11:36:11.783+05:30  INFO 24992 --- [main] com.zaxxer.hikari.pool.HikariPool        : HikariPool-1 - Added connection com.mysql.cj.jdbc.ConnectionImpl@652b3733
2024-01-23T11:36:11.788+05:30  INFO 24992 --- [main] com.zaxxer.hikari.HikariDataSource       : HikariPool-1 - Start completed.
2024-01-23T11:36:11.947+05:30  WARN 24992 --- [main] org.hibernate.orm.deprecation            : HHH90000025: MySQLDialect does not need to be specified explicitly using 'hibernate.dialect' (remove the property setting and it will be selected by default)
2024-01-23T11:36:14.207+05:30  INFO 24992 --- [main] o.h.e.t.j.p.i.JtaPlatformInitiator       : HHH000489: No JTA platform available (set 'hibernate.transaction.jta.platform' to enable JTA platform integration)
2024-01-23T11:36:14.336+05:30  INFO 24992 --- [main] j.LocalContainerEntityManagerFactoryBean : Initialized JPA EntityManagerFactory for persistence unit 'default'
2024-01-23T11:36:16.443+05:30  WARN 24992 --- [main] JpaBaseConfiguration$JpaWebConfiguration : spring.jpa.open-in-view is enabled by default. Therefore, database queries may be performed during view rendering. Explicitly configure spring.jpa.open-in-view to disable this warning
2024-01-23T11:36:18.708+05:30  INFO 24992 --- [main] o.s.s.web.DefaultSecurityFilterChain     : Will secure any request with [org.springframework.security.web.session.DisableEncodeUrlFilter@427128a6, org.springframework.security.web.context.request.async.WebAsyncManagerIntegrationFilter@701c413, org.springframework.security.web.context.SecurityContextHolderFilter@18fcfe7e, org.springframework.security.web.header.HeaderWriterFilter@23243bc0, org.springframework.web.filter.CorsFilter@28468162, org.springframework.security.web.authentication.logout.LogoutFilter@601ca994, com.harshproject.securityfiles.JwtAuthFilter@1932ad2c, org.springframework.security.web.savedrequest.RequestCacheAwareFilter@5319e4fc, org.springframework.security.web.servletapi.SecurityContextHolderAwareRequestFilter@3b48361e, org.springframework.security.web.authentication.AnonymousAuthenticationFilter@63f16350, org.springframework.security.web.session.SessionManagementFilter@3f473daf, org.springframework.security.web.access.ExceptionTranslationFilter@1e6f7c25, org.springframework.security.web.access.intercept.AuthorizationFilter@213c812a]
2024-01-23T11:36:19.669+05:30  WARN 24992 --- [main] ConfigServletWebServerApplicationContext : Exception encountered during context initialization - cancelling refresh attempt: org.springframework.context.ApplicationContextException: Failed to start bean 'webServerStartStop'
2024-01-23T11:36:19.674+05:30  INFO 24992 --- [main] j.LocalContainerEntityManagerFactoryBean : Closing JPA EntityManagerFactory for persistence unit 'default'
2024-01-23T11:36:19.679+05:30  INFO 24992 --- [main] com.zaxxer.hikari.HikariDataSource       : HikariPool-1 - Shutdown initiated...
2024-01-23T11:36:19.739+05:30  INFO 24992 --- [main] com.zaxxer.hikari.HikariDataSource       : HikariPool-1 - Shutdown completed.
2024-01-23T11:36:19.799+05:30  INFO 24992 --- [main] .s.b.a.l.ConditionEvaluationReportLogger : 

Error starting ApplicationContext. To display the condition evaluation report re-run your application with 'debug' enabled.
2024-01-23T11:36:19.899+05:30 ERROR 24992 --- [main] o.s.b.d.LoggingFailureAnalysisReporter   : 

***************************
APPLICATION FAILED TO START
***************************

Description:

Web server failed to start. Port 8080 was already in use.

Action:

Identify and stop the process that's listening on port 8080 or configure this application to listen on another port.

