Plugins:
Bundled analyzers:
  - Python Code Quality and Security 4.10.0.13725 (python)
  - Clean as You Code 2.2.2.656 (cayc)
  - Go Code Quality and Security 1.15.0.4655 (go)
  - JaCoCo 1.3.0.1538 (jacoco)
  - Kotlin Code Quality and Security 2.18.0.2938 (kotlin)
  - IaC Code Quality and Security 1.22.0.7057 (iac)
  - JavaScript/TypeScript/CSS Code Quality and Security 10.9.0.24449 (javascript)
  - Ruby Code Quality and Security 1.15.0.4655 (ruby)
  - Scala Code Quality and Security 1.15.0.4655 (sonarscala)
  - C# Code Quality and Security 9.13.0.79967 (csharp)
  - Java Code Quality and Security 7.27.1.33504 (java)
  - HTML Code Quality and Security 3.11.0.4708 (web)
  - Flex Code Quality and Security 2.12.0.4568 (flex)
  - XML Code Quality and Security 2.10.0.4108 (xml)
  - PHP Code Quality and Security 3.33.0.11274 (php)
  - Text Code Quality and Security 2.7.1.1388 (text)
  - VB.NET Code Quality and Security 9.13.0.79967 (vbnet)
  - Configuration detection for Code Quality and Security 1.3.0.654 (config)
Global server settings:
  - sonar.core.id=147B411E-AY1U3c_bU5esI8KOSJPd
  - sonar.core.startTime=2024-01-31T22:25:51+0530
  - sonar.forceAuthentication=true
  - sonar.qualityProfiles.allowDisableInheritedRules=true
Project server settings:
Project scanner properties:
  - sonar.binaries=C:\Users\AdarshHa\Documents\workspace-spring-tool-suite-4-4.21.0.RELEASE\DepartmentSpringboot\target\classes
  - sonar.groovy.binaries=C:\Users\AdarshHa\Documents\workspace-spring-tool-suite-4-4.21.0.RELEASE\DepartmentSpringboot\target\classes
  - sonar.host.url=http://localhost:9000
  - sonar.java.binaries=C:\Users\AdarshHa\Documents\workspace-spring-tool-suite-4-4.21.0.RELEASE\DepartmentSpringboot\target\classes
  - sonar.java.enablePreview=false
  - sonar.java.libraries=C:\Users\AdarshHa\.m2\repository\org\springframework\boot\spring-boot-starter-data-jpa\3.2.1\spring-boot-starter-data-jpa-3.2.1.jar,C:\Users\AdarshHa\.m2\repository\org\springframework\boot\spring-boot-starter-aop\3.2.1\spring-boot-starter-aop-3.2.1.jar,C:\Users\AdarshHa\.m2\repository\org\aspectj\aspectjweaver\1.9.21\aspectjweaver-1.9.21.jar,C:\Users\AdarshHa\.m2\repository\org\springframework\boot\spring-boot-starter-jdbc\3.2.1\spring-boot-starter-jdbc-3.2.1.jar,C:\Users\AdarshHa\.m2\repository\com\zaxxer\HikariCP\5.0.1\HikariCP-5.0.1.jar,C:\Users\AdarshHa\.m2\repository\org\springframework\spring-jdbc\6.1.2\spring-jdbc-6.1.2.jar,C:\Users\AdarshHa\.m2\repository\org\hibernate\orm\hibernate-core\6.4.1.Final\hibernate-core-6.4.1.Final.jar,C:\Users\AdarshHa\.m2\repository\jakarta\persistence\jakarta.persistence-api\3.1.0\jakarta.persistence-api-3.1.0.jar,C:\Users\AdarshHa\.m2\repository\jakarta\transaction\jakarta.transaction-api\2.0.1\jakarta.transaction-api-2.0.1.jar,C:\Users\Adars...
  - sonar.java.source=17
  - sonar.java.target=17
  - sonar.java.test.binaries=C:\Users\AdarshHa\Documents\workspace-spring-tool-suite-4-4.21.0.RELEASE\DepartmentSpringboot\target\test-classes
  - sonar.java.test.libraries=C:\Users\AdarshHa\Documents\workspace-spring-tool-suite-4-4.21.0.RELEASE\DepartmentSpringboot\target\classes,C:\Users\AdarshHa\.m2\repository\org\springframework\boot\spring-boot-starter-data-jpa\3.2.1\spring-boot-starter-data-jpa-3.2.1.jar,C:\Users\AdarshHa\.m2\repository\org\springframework\boot\spring-boot-starter-aop\3.2.1\spring-boot-starter-aop-3.2.1.jar,C:\Users\AdarshHa\.m2\repository\org\aspectj\aspectjweaver\1.9.21\aspectjweaver-1.9.21.jar,C:\Users\AdarshHa\.m2\repository\org\springframework\boot\spring-boot-starter-jdbc\3.2.1\spring-boot-starter-jdbc-3.2.1.jar,C:\Users\AdarshHa\.m2\repository\com\zaxxer\HikariCP\5.0.1\HikariCP-5.0.1.jar,C:\Users\AdarshHa\.m2\repository\org\springframework\spring-jdbc\6.1.2\spring-jdbc-6.1.2.jar,C:\Users\AdarshHa\.m2\repository\org\hibernate\orm\hibernate-core\6.4.1.Final\hibernate-core-6.4.1.Final.jar,C:\Users\AdarshHa\.m2\repository\jakarta\persistence\jakarta.persistence-api\3.1.0\jakarta.persistence-api-3.1.0.jar,C:\Users\AdarshHa\.m2\...
  - sonar.junit.reportPaths=C:\Users\AdarshHa\Documents\workspace-spring-tool-suite-4-4.21.0.RELEASE\DepartmentSpringboot\target\surefire-reports
  - sonar.junit.reportsPath=C:\Users\AdarshHa\Documents\workspace-spring-tool-suite-4-4.21.0.RELEASE\DepartmentSpringboot\target\surefire-reports
  - sonar.libraries=C:\Users\AdarshHa\.m2\repository\org\springframework\boot\spring-boot-starter-data-jpa\3.2.1\spring-boot-starter-data-jpa-3.2.1.jar,C:\Users\AdarshHa\.m2\repository\org\springframework\boot\spring-boot-starter-aop\3.2.1\spring-boot-starter-aop-3.2.1.jar,C:\Users\AdarshHa\.m2\repository\org\aspectj\aspectjweaver\1.9.21\aspectjweaver-1.9.21.jar,C:\Users\AdarshHa\.m2\repository\org\springframework\boot\spring-boot-starter-jdbc\3.2.1\spring-boot-starter-jdbc-3.2.1.jar,C:\Users\AdarshHa\.m2\repository\com\zaxxer\HikariCP\5.0.1\HikariCP-5.0.1.jar,C:\Users\AdarshHa\.m2\repository\org\springframework\spring-jdbc\6.1.2\spring-jdbc-6.1.2.jar,C:\Users\AdarshHa\.m2\repository\org\hibernate\orm\hibernate-core\6.4.1.Final\hibernate-core-6.4.1.Final.jar,C:\Users\AdarshHa\.m2\repository\jakarta\persistence\jakarta.persistence-api\3.1.0\jakarta.persistence-api-3.1.0.jar,C:\Users\AdarshHa\.m2\repository\jakarta\transaction\jakarta.transaction-api\2.0.1\jakarta.transaction-api-2.0.1.jar,C:\Users\Adars...
  - sonar.links.ci=
  - sonar.links.homepage=https://spring.io/projects/spring-boot/DepartmentSpringboot
  - sonar.links.issue=
  - sonar.links.scm=https://github.com/spring-projects/spring-boot/DepartmentSpringboot
  - sonar.links.scm_dev=
  - sonar.moduleKey=com.harshproject:DepartmentSpringboot
  - sonar.projectBaseDir=C:\Users\AdarshHa\Documents\workspace-spring-tool-suite-4-4.21.0.RELEASE\DepartmentSpringboot
  - sonar.projectBuildDir=C:\Users\AdarshHa\Documents\workspace-spring-tool-suite-4-4.21.0.RELEASE\DepartmentSpringboot\target
  - sonar.projectDescription=Demo project for Spring Boot
  - sonar.projectKey=com.harshproject:DepartmentSpringboot
  - sonar.projectName=DepartmentSpringboot
  - sonar.projectVersion=0.0.1-SNAPSHOT
  - sonar.scanner.app=ScannerMaven
  - sonar.scanner.appVersion=3.10.0.2594/3.9.6
  - sonar.sourceEncoding=UTF-8
  - sonar.sources=C:\Users\AdarshHa\Documents\workspace-spring-tool-suite-4-4.21.0.RELEASE\DepartmentSpringboot\pom.xml,C:\Users\AdarshHa\Documents\workspace-spring-tool-suite-4-4.21.0.RELEASE\DepartmentSpringboot\src\main\java
  - sonar.tests=C:\Users\AdarshHa\Documents\workspace-spring-tool-suite-4-4.21.0.RELEASE\DepartmentSpringboot\src\test\java
  - sonar.token=******
  - sonar.working.directory=C:\Users\AdarshHa\Documents\workspace-spring-tool-suite-4-4.21.0.RELEASE\DepartmentSpringboot\target\sonar
